Base path: /Applications/Unity/Unity.app/Contents
Pipe name: \\.\pipe\UnityShaderCompiler-64bit-2-743395328
Cmd: getPlatforms
Cmd: compileSnippet
  api=0 type=0 insize=10255 outsize=6448 kw=WATER_SIMPLE WATER_VERTEX_DISPLACEMENT_ON WATER_EDGEBLEND_ON pd= ok=1
Cmd: compileSnippet
  api=0 type=0 insize=10255 outsize=3443 kw=WATER_SIMPLE WATER_EDGEBLEND_OFF WATER_VERTEX_DISPLACEMENT_OFF pd= ok=1
Cmd: compileSnippet
  api=0 type=0 insize=10261 outsize=5048 kw=WATER_SIMPLE WATER_VERTEX_DISPLACEMENT_ON WATER_EDGEBLEND_ON pd= ok=1
Cmd: compileSnippet
  api=0 type=0 insize=10261 outsize=3144 kw=WATER_REFLECTIVE WATER_EDGEBLEND_ON WATER_VERTEX_DISPLACEMENT_OFF pd= ok=1
Cmd: compileSnippet
  api=0 type=0 insize=10261 outsize=2905 kw=WATER_SIMPLE WATER_EDGEBLEND_ON WATER_VERTEX_DISPLACEMENT_OFF pd= ok=1
Cmd: compileSnippet
  api=0 type=1 insize=10255 outsize=6 kw=WATER_SIMPLE WATER_VERTEX_DISPLACEMENT_ON WATER_EDGEBLEND_ON pd= ok=1
Cmd: compileSnippet
  api=0 type=1 insize=10255 outsize=6 kw=WATER_REFLECTIVE WATER_EDGEBLEND_OFF WATER_VERTEX_DISPLACEMENT_OFF pd= ok=1
Cmd: compileSnippet
  api=0 type=1 insize=10261 outsize=6 kw=WATER_SIMPLE WATER_VERTEX_DISPLACEMENT_ON WATER_EDGEBLEND_ON pd= ok=1
Cmd: compileSnippet
  api=0 type=1 insize=10261 outsize=6 kw=WATER_SIMPLE WATER_VERTEX_DISPLACEMENT_ON WATER_EDGEBLEND_OFF pd= ok=1
Cmd: compileSnippet
  api=0 type=1 insize=10261 outsize=6 kw=WATER_SIMPLE WATER_EDGEBLEND_ON WATER_VERTEX_DISPLACEMENT_OFF pd= ok=1
Cmd: compileSnippet
  api=0 type=1 insize=10261 outsize=6 kw=WATER_SIMPLE WATER_EDGEBLEND_OFF WATER_VERTEX_DISPLACEMENT_OFF pd= ok=1
